<?xml version="1.0" encoding="UTF-8"?>
<!-- Generated by org.testng.reporters.JUnitReportReporter -->
<testsuite hostname="DESKTOP-R4LTDL4" failures="0" tests="3" name="dataDrivenTesting.ParameterDemo" time="7.593" errors="0" timestamp="2024-01-17T14:36:09 IST" skipped="0">
  <testcase classname="dataDrivenTesting.ParameterDemo" name="register_user" time="4.445"/>
  <system-out/>
  <testcase classname="dataDrivenTesting.ParameterDemo" name="register_user" time="1.627"/>
  <system-out/>
  <testcase classname="dataDrivenTesting.ParameterDemo" name="register_user" time="1.521"/>
  <system-out/>
</testsuite> <!-- dataDrivenTesting.ParameterDemo -->
