<?xml version="1.0" encoding="UTF-8"?>
<!-- Generated by org.testng.reporters.JUnitReportReporter -->
<testsuite hostname="DESKTOP-R4LTDL4" failures="0" tests="3" name="testNGAnnotations.BeforeClassAfterClass" time="7.796" errors="0" timestamp="2024-01-16T12:49:55 IST" skipped="0">
  <testcase classname="testNGAnnotations.BeforeClassAfterClass" name="account" time="1.972"/>
  <system-out/>
  <testcase classname="testNGAnnotations.BeforeClassAfterClass" name="login" time="3.016"/>
  <system-out/>
  <testcase classname="testNGAnnotations.BeforeClassAfterClass" name="createAccount" time="2.808"/>
  <system-out/>
</testsuite> <!-- testNGAnnotations.BeforeClassAfterClass -->
