<?xml version="1.0" encoding="UTF-8"?>
<!-- Generated by org.testng.reporters.JUnitReportReporter -->
<testsuite hostname="DESKTOP-R4LTDL4" failures="0" tests="1" name="gridDemo.GridDemoHUbandNode" time="36.166" errors="0" timestamp="2024-01-17T16:33:52 IST" skipped="0">
  <testcase classname="gridDemo.GridDemoHUbandNode" name="griddemo" time="36.166"/>
  <system-out/>
</testsuite> <!-- gridDemo.GridDemoHUbandNode -->
