<?xml version="1.0" encoding="UTF-8"?>
<!-- Generated by org.testng.reporters.JUnitReportReporter -->
<testsuite hostname="DESKTOP-R4LTDL4" failures="0" tests="8" name="dataDrivenTesting.DataProviderTestNG" time="29.731" errors="0" timestamp="2024-01-17T16:14:45 IST" skipped="0">
  <testcase classname="dataDrivenTesting.DataProviderTestNG" name="register_user" time="3.232"/>
  <system-out/>
  <testcase classname="dataDrivenTesting.DataProviderTestNG" name="register_user" time="3.460"/>
  <system-out/>
  <testcase classname="dataDrivenTesting.DataProviderTestNG" name="register_user" time="3.272"/>
  <system-out/>
  <testcase classname="dataDrivenTesting.DataProviderTestNG" name="register_user" time="3.455"/>
  <system-out/>
  <testcase classname="dataDrivenTesting.DataProviderTestNG" name="register_user" time="3.180"/>
  <system-out/>
  <testcase classname="dataDrivenTesting.DataProviderTestNG" name="register_user" time="3.746"/>
  <system-out/>
  <testcase classname="dataDrivenTesting.DataProviderTestNG" name="register_user" time="3.167"/>
  <system-out/>
  <testcase classname="dataDrivenTesting.DataProviderTestNG" name="register_user" time="6.219"/>
  <system-out/>
</testsuite> <!-- dataDrivenTesting.DataProviderTestNG -->
