<?xml version="1.0" encoding="UTF-8"?>
<!-- Generated by org.testng.reporters.JUnitReportReporter -->
<testsuite hostname="DESKTOP-R4LTDL4" failures="0" tests="5" name="testNGAnnotations.TestAnnotationDemo2" time="0.025" errors="0" timestamp="2024-01-16T12:49:55 IST" skipped="0">
  <testcase classname="testNGAnnotations.TestAnnotationDemo2" name="login" time="0.005"/>
  <system-out/>
  <testcase classname="testNGAnnotations.TestAnnotationDemo2" name="composeEmail" time="0.005"/>
  <system-out/>
  <testcase classname="testNGAnnotations.TestAnnotationDemo2" name="SearchEmail" time="0.004"/>
  <system-out/>
  <testcase classname="testNGAnnotations.TestAnnotationDemo2" name="DeleteEmail" time="0.005"/>
  <system-out/>
  <testcase classname="testNGAnnotations.TestAnnotationDemo2" name="Logout" time="0.006"/>
  <system-out/>
</testsuite> <!-- testNGAnnotations.TestAnnotationDemo2 -->
