<?xml version="1.0" encoding="UTF-8"?>
<!-- Generated by org.testng.reporters.JUnitReportReporter -->
<testsuite hostname="DESKTOP-R4LTDL4" failures="0" tests="3" name="testNGAnnotations.TestAnnotation" time="79.570" errors="0" timestamp="2024-01-12T11:38:40 IST" skipped="0">
  <testcase classname="testNGAnnotations.TestAnnotation" name="login" time="39.395"/>
  <system-out/>
  <testcase classname="testNGAnnotations.TestAnnotation" name="createAccount" time="21.137"/>
  <system-out/>
  <testcase classname="testNGAnnotations.TestAnnotation" name="teardown" time="19.038"/>
  <system-out/>
</testsuite> <!-- testNGAnnotations.TestAnnotation -->
