<?xml version="1.0" encoding="UTF-8"?>
<!-- Generated by org.testng.reporters.JUnitReportReporter -->
<testsuite hostname="DESKTOP-R4LTDL4" failures="0" tests="3" name="testNGAnnotations.BeforeMethodAnnotation" time="43.482" errors="0" timestamp="2024-01-12T13:06:49 IST" skipped="0">
  <testcase classname="testNGAnnotations.BeforeMethodAnnotation" name="createAccount" time="19.285"/>
  <system-out/>
  <testcase classname="testNGAnnotations.BeforeMethodAnnotation" name="login" time="13.366"/>
  <system-out/>
  <testcase classname="testNGAnnotations.BeforeMethodAnnotation" name="account" time="10.831"/>
  <system-out/>
</testsuite> <!-- testNGAnnotations.BeforeMethodAnnotation -->
