<?xml version="1.0" encoding="UTF-8"?>
<!-- Generated by org.testng.reporters.JUnitReportReporter -->
<testsuite hostname="DESKTOP-R4LTDL4" failures="0" tests="3" name="testNGAnnotations.TestAnnotationEnabled" time="23.268" errors="0" timestamp="2024-01-12T13:00:51 IST" skipped="1">
  <testcase classname="testNGAnnotations.TestAnnotationEnabled" name="login" time="23.256"/>
  <system-out/>
  <testcase classname="testNGAnnotations.TestAnnotationEnabled" name="composeEmail" time="0.012"/>
  <system-out/>
  <testcase classname="testNGAnnotations.TestAnnotationEnabled" name="SearchEmail">
    <skipped/>
  </testcase> <!-- SearchEmail -->
  <system-out/>
</testsuite> <!-- testNGAnnotations.TestAnnotationEnabled -->
