<?xml version="1.0" encoding="UTF-8"?>
<!-- Generated by org.testng.reporters.JUnitReportReporter -->
<testsuite hostname="DESKTOP-R4LTDL4" failures="0" tests="1" name="gridDemo.GridConfigTOML" time="22.739" errors="0" timestamp="2024-01-17T17:20:18 IST" skipped="0">
  <testcase classname="gridDemo.GridConfigTOML" name="griddemo" time="22.739"/>
  <system-out/>
</testsuite> <!-- gridDemo.GridConfigTOML -->
