<?xml version="1.0" encoding="UTF-8"?>
<!-- Generated by org.testng.reporters.JUnitReportReporter -->
<testsuite hostname="DESKTOP-R4LTDL4" failures="0" tests="2" name="listernersDemo.Demo1" time="0.022" errors="0" timestamp="2024-01-17T14:25:52 IST" skipped="1">
  <testcase classname="listernersDemo.Demo1" name="method1" time="0.022"/>
  <system-out/>
  <testcase classname="listernersDemo.Demo1" name="method2">
    <skipped/>
  </testcase> <!-- method2 -->
  <system-out/>
</testsuite> <!-- listernersDemo.Demo1 -->
