<?xml version="1.0" encoding="UTF-8"?>
<!-- Generated by org.testng.reporters.JUnitReportReporter -->
<testsuite hostname="DESKTOP-R4LTDL4" failures="0" tests="2" name="testNGAnnotations.TestMethodsdemo" time="28.298" errors="0" timestamp="2024-01-17T13:51:18 IST" skipped="0">
  <testcase classname="testNGAnnotations.TestMethodsdemo" name="method2" time="15.167"/>
  <system-out/>
  <testcase classname="testNGAnnotations.TestMethodsdemo" name="method3" time="13.131"/>
  <system-out/>
</testsuite> <!-- testNGAnnotations.TestMethodsdemo -->
