<?xml version="1.0" encoding="UTF-8"?>
<!-- Generated by org.testng.reporters.JUnitReportReporter -->
<testsuite hostname="DESKTOP-R4LTDL4" failures="0" tests="1" name="extentReports.ExtentReportDemo1" time="1.645" errors="0" timestamp="2024-01-17T14:17:25 IST" skipped="0">
  <testcase classname="extentReports.ExtentReportDemo1" name="ExtentreporDemo1" time="1.645"/>
  <system-out/>
</testsuite> <!-- extentReports.ExtentReportDemo1 -->
